<?xml version="1.0" encoding="UTF-8"?>
<!-- Generated by org.testng.reporters.JUnitXMLReporter -->
<testsuite hostname="angler109" ignored="0" name="Add" tests="3" failures="1" timestamp="16 Oct 2017 04:28:15 GMT" time="168.089" errors="0">
  <testcase name="SendAnnouncement" time="45.479" classname="executionEngine.Announcement"/>
  <testcase name="ViewAnnouncement" time="28.415" classname="executionEngine.Announcement"/>
  <testcase name="DeleteAnnouncement" time="83.327" classname="executionEngine.Announcement">
    <failure type="org.openqa.selenium.NoSuchElementException" message="Unable to locate element: //*[@id=&amp;quot;news&amp;quot;]/tbody/tr/td[3]/button[2]/i 
For documentation on this error, please visit: http://seleniumhq.org/exceptions/no_such_element.html
Build info: version: &amp;apos;3.6.0&amp;apos;, revision: &amp;apos;6fbf3ec767&amp;apos;, time: &amp;apos;2017-09-27T16:15:26.402Z&amp;apos;
System info: host: &amp;apos;ANGLER109&amp;apos;, ip: &amp;apos;192.168.219.2&amp;apos;, os.name: &amp;apos;Windows 10&amp;apos;, os.arch: &amp;apos;amd64&amp;apos;, os.version: &amp;apos;10.0&amp;apos;, java.version: &amp;apos;1.8.0_74&amp;apos;
Driver info: org.openqa.selenium.firefox.FirefoxDriver
Capabilities [{moz:profile=C:\Users\rajesh.v\AppData\Local\Temp\rust_mozprofile.xef5r9WkzfBF, rotatable=false, timeouts={implicit=0, pageLoad=300000, script=30000}, pageLoadStrategy=normal, moz:headless=false, platform=XP, specificationLevel=0, moz:accessibilityChecks=false, acceptInsecureCerts=true, browserVersion=56.0, platformVersion=10.0, moz:processID=11276, browserName=firefox, javascriptEnabled=true, platformName=XP}]
Session ID: 4d1a709d-080f-4724-925d-c6ffd1f016cd
*** Element info: {Using=xpath, value=//*[@id=&amp;quot;news&amp;quot;]/tbody/tr/td[3]/button[2]/i }">
      <![CDATA[org.openqa.selenium.NoSuchElementException: Unable to locate element: //*[@id="news"]/tbody/tr/td[3]/button[2]/i 
For documentation on this error, please visit: http://seleniumhq.org/exceptions/no_such_element.html
Build info: version: '3.6.0', revision: '6fbf3ec767', time: '2017-09-27T16:15:26.402Z'
System info: host: 'ANGLER109', ip: '192.168.219.2', os.name: 'Windows 10', os.arch: 'amd64', os.version: '10.0', java.version: '1.8.0_74'
Driver info: org.openqa.selenium.firefox.FirefoxDriver
Capabilities [{moz:profile=C:\Users\rajesh.v\AppData\Local\Temp\rust_mozprofile.xef5r9WkzfBF, rotatable=false, timeouts={implicit=0, pageLoad=300000, script=30000}, pageLoadStrategy=normal, moz:headless=false, platform=XP, specificationLevel=0, moz:accessibilityChecks=false, acceptInsecureCerts=true, browserVersion=56.0, platformVersion=10.0, moz:processID=11276, browserName=firefox, javascriptEnabled=true, platformName=XP}]
Session ID: 4d1a709d-080f-4724-925d-c6ffd1f016cd
*** Element info: {Using=xpath, value=//*[@id="news"]/tbody/tr/td[3]/button[2]/i }
	at org.openqa.selenium.remote.http.W3CHttpResponseCodec.createException(W3CHttpResponseCodec.java:185)
	at org.openqa.selenium.remote.http.W3CHttpResponseCodec.decode(W3CHttpResponseCodec.java:120)
	at org.openqa.selenium.remote.http.W3CHttpResponseCodec.decode(W3CHttpResponseCodec.java:49)
	at org.openqa.selenium.remote.HttpCommandExecutor.execute(HttpCommandExecutor.java:164)
	at org.openqa.selenium.remote.service.DriverCommandExecutor.execute(DriverCommandExecutor.java:83)
	at org.openqa.selenium.remote.RemoteWebDriver.execute(RemoteWebDriver.java:586)
	at org.openqa.selenium.remote.RemoteWebDriver.findElement(RemoteWebDriver.java:356)
	at org.openqa.selenium.remote.RemoteWebDriver.findElementByXPath(RemoteWebDriver.java:458)
	at org.openqa.selenium.By$ByXPath.findElement(By.java:361)
	at org.openqa.selenium.remote.RemoteWebDriver.findElement(RemoteWebDriver.java:348)
	at pageObjects.AnnouncementPage.Annon_delete_btn(AnnouncementPage.java:92)
	at appModules.AnnouncementAction.Delete_Announcement(AnnouncementAction.java:184)
	at executionEngine.Announcement.DeleteAnnouncement(Announcement.java:129)
... Removed 29 stack frames]]>
    </failure>
  </testcase> <!-- DeleteAnnouncement -->
</testsuite> <!-- Add -->
