<?xml version="1.0" encoding="UTF-8"?>
<!-- Generated by org.testng.reporters.JUnitXMLReporter -->
<testsuite hostname="angler108" name="Edit" tests="1" failures="0" timestamp="27 Sep 2017 07:37:48 GMT" time="36.943" errors="0">
  <testcase name="@AfterMethod getResult" time="0.0" classname="executionEngine.ScheduleManagement">
    <failure type="java.lang.NullPointerException">
      <![CDATA[java.lang.NullPointerException
	at executionEngine.ScheduleManagement.getResult(ScheduleManagement.java:118)
... Removed 26 stack frames]]>
    </failure>
  </testcase> <!-- @AfterMethod getResult -->
  <testcase name="@AfterClass afterClass" time="0.0" classname="executionEngine.ScheduleManagement">
    <skipped/>
  </testcase> <!-- @AfterClass afterClass -->
  <testcase name="@AfterTest teardown" time="0.0" classname="executionEngine.ScheduleManagement">
    <skipped/>
  </testcase> <!-- @AfterTest teardown -->
  <testcase name="addcategory" time="29.092" classname="executionEngine.ScheduleManagement"/>
</testsuite> <!-- Edit -->
