<?xml version="1.0" encoding="UTF-8"?>
<!-- Generated by org.testng.reporters.JUnitXMLReporter -->
<testsuite hostname="Angler95" name="Edit" tests="1" failures="0" timestamp="23 Sep 2017 10:00:50 GMT" time="47.71" errors="0">
  <testcase name="@BeforeClass OpenBrowse" time="0.0" classname="executionEngine.AboutEvent">
    <failure type="org.openqa.selenium.WebDriverException" message="Failed to connect to binary FirefoxBinary(C:\Program Files\Mozilla Firefox\firefox.exe) on port 7055; process output follows: 
&amp;quot;:&amp;quot;Mozilla&amp;quot;,&amp;quot;homepageURL&amp;quot;:null,&amp;quot;contributors&amp;quot;:[&amp;quot;Mozilla Contributors&amp;quot;]},&amp;quot;visible&amp;quot;:true,&amp;quot;active&amp;quot;:true,&amp;quot;userDisabled&amp;quot;:false,&amp;quot;appDisabled&amp;quot;:false,&amp;quot;descriptor&amp;quot;:&amp;quot;C:\\Program Files\\Mozilla Firefox\\browser\\extensions\\{972ce4c6-7e08-4474-a285-3208198ce6fd}.xpi&amp;quot;,&amp;quot;installDate&amp;quot;:1492515950328,&amp;quot;updateDate&amp;quot;:1492515950328,&amp;quot;applyBackgroundUpdates&amp;quot;:1,&amp;quot;skinnable&amp;quot;:true,&amp;quot;size&amp;quot;:22012,&amp;quot;sourceURI&amp;quot;:null,&amp;quot;releaseNotesURI&amp;quot;:null,&amp;quot;softDisabled&amp;quot;:false,&amp;quot;foreignInstall&amp;quot;:false,&amp;quot;hasBinaryComponents&amp;quot;:false,&amp;quot;strictCompatibility&amp;quot;:true,&amp;quot;locales&amp;quot;:[],&amp;quot;targetApplications&amp;quot;:[{&amp;quot;id&amp;quot;:&amp;quot;{ec8030f7-c20a-464f-9b0e-13a3a9e97384}&amp;quot;,&amp;quot;minVersion&amp;quot;:&amp;quot;47.0.2&amp;quot;,&amp;quot;maxVersion&amp;quot;:&amp;quot;47.0.2&amp;quot;}],&amp;quot;targetPlatforms&amp;quot;:[],&amp;quot;seen&amp;quot;:true}
1506160808337	addons.xpi	DEBUG	getModTime: Recursive scan of {972ce4c6-7e08-4474-a285-3208198ce6fd}
1506160808339	DeferredSave.extensions.json	DEBUG	Save changes
1506160808339	addons.xpi	DEBUG	Updating database with changes to installed add-ons
1506160808339	addons.xpi-utils	DEBUG	Updating add-on states
1506160808341	addons.xpi-utils	DEBUG	Writing add-ons list
1506160808350	addons.xpi	DEBUG	Registering manifest for C:\Program Files\Mozilla Firefox\browser\features\e10srollout@mozilla.org.xpi
1506160808351	addons.xpi	DEBUG	Calling bootstrap method startup on e10srollout@mozilla.org version 1.0
1506160808351	addons.xpi	DEBUG	Registering manifest for C:\Program Files\Mozilla Firefox\browser\features\firefox@getpocket.com.xpi
1506160808352	addons.xpi	DEBUG	Calling bootstrap method startup on firefox@getpocket.com version 1.0.2
1506160808353	addons.xpi	DEBUG	Registering manifest for C:\Program Files\Mozilla Firefox\browser\features\loop@mozilla.org.xpi
1506160808354	addons.xpi	DEBUG	Calling bootstrap method startup on loop@mozilla.org version 1.3.2
1506160808385	addons.xpi	DEBUG	Registering manifest for C:\Program Files\Mozilla Firefox\browser\features\websensehelper@mozilla.org.xpi
1506160808386	addons.xpi	DEBUG	Calling bootstrap method startup on websensehelper@mozilla.org version 1.0
1506160808389	addons.manager	DEBUG	Registering shutdown blocker for XPIProvider
1506160808389	addons.manager	DEBUG	Provider finished startup: XPIProvider
1506160808389	addons.manager	DEBUG	Starting provider: LightweightThemeManager
1506160808390	addons.manager	DEBUG	Registering shutdown blocker for LightweightThemeManager
1506160808390	addons.manager	DEBUG	Provider finished startup: LightweightThemeManager
1506160808390	addons.manager	DEBUG	Starting provider: GMPProvider
1506160808404	addons.manager	DEBUG	Registering shutdown blocker for GMPProvider
1506160808404	addons.manager	DEBUG	Provider finished startup: GMPProvider
1506160808404	addons.manager	DEBUG	Starting provider: PluginProvider
1506160808404	addons.manager	DEBUG	Registering shutdown blocker for PluginProvider
1506160808405	addons.manager	DEBUG	Provider finished startup: PluginProvider
1506160808405	addons.manager	DEBUG	Completed startup sequence
1506160809819	addons.manager	DEBUG	Starting provider: &amp;lt;unnamed-provider&amp;gt;
1506160809819	addons.manager	DEBUG	Registering shutdown blocker for &amp;lt;unnamed-provider&amp;gt;
1506160809819	addons.manager	DEBUG	Provider finished startup: &amp;lt;unnamed-provider&amp;gt;
1506160810815	DeferredSave.extensions.json	DEBUG	Write succeeded
1506160810816	addons.xpi-utils	DEBUG	XPI Database saved, setting schema version preference to 17
1506160810816	DeferredSave.extensions.json	DEBUG	Starting timer
1506160810846	DeferredSave.extensions.json	DEBUG	Starting write
1506160810863	addons.repository	DEBUG	No addons.json found.
1506160810884	DeferredSave.addons.json	DEBUG	Save changes
1506160810900	DeferredSave.addons.json	DEBUG	Starting timer
1506160811457	addons.manager	DEBUG	Starting provider: PreviousExperimentProvider
1506160811457	addons.manager	DEBUG	Registering shutdown blocker for PreviousExperimentProvider
1506160811458	addons.manager	DEBUG	Provider finished startup: PreviousExperimentProvider
1506160811480	DeferredSave.addons.json	DEBUG	Starting write
1506160811505	DeferredSave.extensions.json	DEBUG	Write succeeded
1506160811703	DeferredSave.addons.json	DEBUG	Write succeeded

Build info: version: &amp;apos;2.53.0&amp;apos;, revision: &amp;apos;35ae25b&amp;apos;, time: &amp;apos;2016-03-15 16:57:40&amp;apos;
System info: host: &amp;apos;Angler95&amp;apos;, ip: &amp;apos;192.168.238.1&amp;apos;, os.name: &amp;apos;Windows 10&amp;apos;, os.arch: &amp;apos;amd64&amp;apos;, os.version: &amp;apos;10.0&amp;apos;, java.version: &amp;apos;1.8.0_71&amp;apos;
Driver info: driver.version: FirefoxDriver">
      <![CDATA[org.openqa.selenium.WebDriverException: Failed to connect to binary FirefoxBinary(C:\Program Files\Mozilla Firefox\firefox.exe) on port 7055; process output follows: 
":"Mozilla","homepageURL":null,"contributors":["Mozilla Contributors"]},"visible":true,"active":true,"userDisabled":false,"appDisabled":false,"descriptor":"C:\\Program Files\\Mozilla Firefox\\browser\\extensions\\{972ce4c6-7e08-4474-a285-3208198ce6fd}.xpi","installDate":1492515950328,"updateDate":1492515950328,"applyBackgroundUpdates":1,"skinnable":true,"size":22012,"sourceURI":null,"releaseNotesURI":null,"softDisabled":false,"foreignInstall":false,"hasBinaryComponents":false,"strictCompatibility":true,"locales":[],"targetApplications":[{"id":"{ec8030f7-c20a-464f-9b0e-13a3a9e97384}","minVersion":"47.0.2","maxVersion":"47.0.2"}],"targetPlatforms":[],"seen":true}
1506160808337	addons.xpi	DEBUG	getModTime: Recursive scan of {972ce4c6-7e08-4474-a285-3208198ce6fd}
1506160808339	DeferredSave.extensions.json	DEBUG	Save changes
1506160808339	addons.xpi	DEBUG	Updating database with changes to installed add-ons
1506160808339	addons.xpi-utils	DEBUG	Updating add-on states
1506160808341	addons.xpi-utils	DEBUG	Writing add-ons list
1506160808350	addons.xpi	DEBUG	Registering manifest for C:\Program Files\Mozilla Firefox\browser\features\e10srollout@mozilla.org.xpi
1506160808351	addons.xpi	DEBUG	Calling bootstrap method startup on e10srollout@mozilla.org version 1.0
1506160808351	addons.xpi	DEBUG	Registering manifest for C:\Program Files\Mozilla Firefox\browser\features\firefox@getpocket.com.xpi
1506160808352	addons.xpi	DEBUG	Calling bootstrap method startup on firefox@getpocket.com version 1.0.2
1506160808353	addons.xpi	DEBUG	Registering manifest for C:\Program Files\Mozilla Firefox\browser\features\loop@mozilla.org.xpi
1506160808354	addons.xpi	DEBUG	Calling bootstrap method startup on loop@mozilla.org version 1.3.2
1506160808385	addons.xpi	DEBUG	Registering manifest for C:\Program Files\Mozilla Firefox\browser\features\websensehelper@mozilla.org.xpi
1506160808386	addons.xpi	DEBUG	Calling bootstrap method startup on websensehelper@mozilla.org version 1.0
1506160808389	addons.manager	DEBUG	Registering shutdown blocker for XPIProvider
1506160808389	addons.manager	DEBUG	Provider finished startup: XPIProvider
1506160808389	addons.manager	DEBUG	Starting provider: LightweightThemeManager
1506160808390	addons.manager	DEBUG	Registering shutdown blocker for LightweightThemeManager
1506160808390	addons.manager	DEBUG	Provider finished startup: LightweightThemeManager
1506160808390	addons.manager	DEBUG	Starting provider: GMPProvider
1506160808404	addons.manager	DEBUG	Registering shutdown blocker for GMPProvider
1506160808404	addons.manager	DEBUG	Provider finished startup: GMPProvider
1506160808404	addons.manager	DEBUG	Starting provider: PluginProvider
1506160808404	addons.manager	DEBUG	Registering shutdown blocker for PluginProvider
1506160808405	addons.manager	DEBUG	Provider finished startup: PluginProvider
1506160808405	addons.manager	DEBUG	Completed startup sequence
1506160809819	addons.manager	DEBUG	Starting provider: <unnamed-provider>
1506160809819	addons.manager	DEBUG	Registering shutdown blocker for <unnamed-provider>
1506160809819	addons.manager	DEBUG	Provider finished startup: <unnamed-provider>
1506160810815	DeferredSave.extensions.json	DEBUG	Write succeeded
1506160810816	addons.xpi-utils	DEBUG	XPI Database saved, setting schema version preference to 17
1506160810816	DeferredSave.extensions.json	DEBUG	Starting timer
1506160810846	DeferredSave.extensions.json	DEBUG	Starting write
1506160810863	addons.repository	DEBUG	No addons.json found.
1506160810884	DeferredSave.addons.json	DEBUG	Save changes
1506160810900	DeferredSave.addons.json	DEBUG	Starting timer
1506160811457	addons.manager	DEBUG	Starting provider: PreviousExperimentProvider
1506160811457	addons.manager	DEBUG	Registering shutdown blocker for PreviousExperimentProvider
1506160811458	addons.manager	DEBUG	Provider finished startup: PreviousExperimentProvider
1506160811480	DeferredSave.addons.json	DEBUG	Starting write
1506160811505	DeferredSave.extensions.json	DEBUG	Write succeeded
1506160811703	DeferredSave.addons.json	DEBUG	Write succeeded

Build info: version: '2.53.0', revision: '35ae25b', time: '2016-03-15 16:57:40'
System info: host: 'Angler95', ip: '192.168.238.1', os.name: 'Windows 10', os.arch: 'amd64', os.version: '10.0', java.version: '1.8.0_71'
Driver info: driver.version: FirefoxDriver
	at org.openqa.selenium.firefox.internal.NewProfileExtensionConnection.start(NewProfileExtensionConnection.java:124)
	at org.openqa.selenium.firefox.FirefoxDriver.startClient(FirefoxDriver.java:271)
	at org.openqa.selenium.remote.RemoteWebDriver.<init>(RemoteWebDriver.java:119)
	at org.openqa.selenium.firefox.FirefoxDriver.<init>(FirefoxDriver.java:218)
	at org.openqa.selenium.firefox.FirefoxDriver.<init>(FirefoxDriver.java:211)
	at org.openqa.selenium.firefox.FirefoxDriver.<init>(FirefoxDriver.java:207)
	at org.openqa.selenium.firefox.FirefoxDriver.<init>(FirefoxDriver.java:120)
	at executionEngine.FirefoxTest.OpenBrowse(FirefoxTest.java:17)
Caused by: org.openqa.selenium.firefox.NotConnectedException: Unable to connect to host 127.0.0.1 on port 7055 after 45000 ms. Firefox console output:
":"Mozilla","homepageURL":null,"contributors":["Mozilla Contributors"]},"visible":true,"active":true,"userDisabled":false,"appDisabled":false,"descriptor":"C:\\Program Files\\Mozilla Firefox\\browser\\extensions\\{972ce4c6-7e08-4474-a285-3208198ce6fd}.xpi","installDate":1492515950328,"updateDate":1492515950328,"applyBackgroundUpdates":1,"skinnable":true,"size":22012,"sourceURI":null,"releaseNotesURI":null,"softDisabled":false,"foreignInstall":false,"hasBinaryComponents":false,"strictCompatibility":true,"locales":[],"targetApplications":[{"id":"{ec8030f7-c20a-464f-9b0e-13a3a9e97384}","minVersion":"47.0.2","maxVersion":"47.0.2"}],"targetPlatforms":[],"seen":true}
1506160808337	addons.xpi	DEBUG	getModTime: Recursive scan of {972ce4c6-7e08-4474-a285-3208198ce6fd}
1506160808339	DeferredSave.extensions.json	DEBUG	Save changes
1506160808339	addons.xpi	DEBUG	Updating database with changes to installed add-ons
1506160808339	addons.xpi-utils	DEBUG	Updating add-on states
1506160808341	addons.xpi-utils	DEBUG	Writing add-ons list
1506160808350	addons.xpi	DEBUG	Registering manifest for C:\Program Files\Mozilla Firefox\browser\features\e10srollout@mozilla.org.xpi
1506160808351	addons.xpi	DEBUG	Calling bootstrap method startup on e10srollout@mozilla.org version 1.0
1506160808351	addons.xpi	DEBUG	Registering manifest for C:\Program Files\Mozilla Firefox\browser\features\firefox@getpocket.com.xpi
1506160808352	addons.xpi	DEBUG	Calling bootstrap method startup on firefox@getpocket.com version 1.0.2
1506160808353	addons.xpi	DEBUG	Registering manifest for C:\Program Files\Mozilla Firefox\browser\features\loop@mozilla.org.xpi
1506160808354	addons.xpi	DEBUG	Calling bootstrap method startup on loop@mozilla.org version 1.3.2
1506160808385	addons.xpi	DEBUG	Registering manifest for C:\Program Files\Mozilla Firefox\browser\features\websensehelper@mozilla.org.xpi
1506160808386	addons.xpi	DEBUG	Calling bootstrap method startup on websensehelper@mozilla.org version 1.0
1506160808389	addons.manager	DEBUG	Registering shutdown blocker for XPIProvider
1506160808389	addons.manager	DEBUG	Provider finished startup: XPIProvider
1506160808389	addons.manager	DEBUG	Starting provider: LightweightThemeManager
1506160808390	addons.manager	DEBUG	Registering shutdown blocker for LightweightThemeManager
1506160808390	addons.manager	DEBUG	Provider finished startup: LightweightThemeManager
1506160808390	addons.manager	DEBUG	Starting provider: GMPProvider
1506160808404	addons.manager	DEBUG	Registering shutdown blocker for GMPProvider
1506160808404	addons.manager	DEBUG	Provider finished startup: GMPProvider
1506160808404	addons.manager	DEBUG	Starting provider: PluginProvider
1506160808404	addons.manager	DEBUG	Registering shutdown blocker for PluginProvider
1506160808405	addons.manager	DEBUG	Provider finished startup: PluginProvider
1506160808405	addons.manager	DEBUG	Completed startup sequence
1506160809819	addons.manager	DEBUG	Starting provider: <unnamed-provider>
1506160809819	addons.manager	DEBUG	Registering shutdown blocker for <unnamed-provider>
1506160809819	addons.manager	DEBUG	Provider finished startup: <unnamed-provider>
1506160810815	DeferredSave.extensions.json	DEBUG	Write succeeded
1506160810816	addons.xpi-utils	DEBUG	XPI Database saved, setting schema version preference to 17
1506160810816	DeferredSave.extensions.json	DEBUG	Starting timer
1506160810846	DeferredSave.extensions.json	DEBUG	Starting write
1506160810863	addons.repository	DEBUG	No addons.json found.
1506160810884	DeferredSave.addons.json	DEBUG	Save changes
1506160810900	DeferredSave.addons.json	DEBUG	Starting timer
1506160811457	addons.manager	DEBUG	Starting provider: PreviousExperimentProvider
1506160811457	addons.manager	DEBUG	Registering shutdown blocker for PreviousExperimentProvider
1506160811458	addons.manager	DEBUG	Provider finished startup: PreviousExperimentProvider
1506160811480	DeferredSave.addons.json	DEBUG	Starting write
1506160811505	DeferredSave.extensions.json	DEBUG	Write succeeded
1506160811703	DeferredSave.addons.json	DEBUG	Write succeeded

	at org.openqa.selenium.firefox.internal.NewProfileExtensionConnection.start(NewProfileExtensionConnection.java:112)
	... 31 more
... Removed 24 stack frames]]>
    </failure>
  </testcase> <!-- @BeforeClass OpenBrowse -->
  <testcase name="@AfterClass afterClass" time="0.0" classname="executionEngine.AboutEvent">
    <skipped/>
  </testcase> <!-- @AfterClass afterClass -->
  <testcase name="AboutEventEdit" time="0.004" classname="executionEngine.AboutEvent">
    <skipped/>
  </testcase> <!-- AboutEventEdit -->
</testsuite> <!-- Edit -->
