<?xml version="1.0" encoding="UTF-8"?>
<!-- Generated by org.testng.reporters.JUnitXMLReporter -->
<testsuite hostname="angler109" ignored="0" name="Edit" tests="1" failures="1" timestamp="28 Sep 2017 04:36:38 GMT" time="16.986" errors="0">
  <testcase name="AboutEventEdit" time="9.071" classname="executionEngine.AboutEvent">
    <failure type="java.lang.NullPointerException">
      <![CDATA[java.lang.NullPointerException
	at utility.Utilis.ScrollDown(Utilis.java:28)
	at appModules.AboutEventEditAction.Editnews(AboutEventEditAction.java:24)
	at executionEngine.AboutEvent.AboutEventEdit(AboutEvent.java:64)
... Removed 25 stack frames]]>
    </failure>
  </testcase> <!-- AboutEventEdit -->
</testsuite> <!-- Edit -->
