<?xml version="1.0" encoding="UTF-8"?>
<!-- Generated by org.testng.reporters.JUnitXMLReporter -->
<testsuite hostname="angler108" name="Edit" tests="3" failures="0" timestamp="26 Sep 2017 09:19:21 GMT" time="100.747" errors="0">
  <testcase name="addcategory" time="35.98" classname="executionEngine.CategoryTest"/>
  <testcase name="editandectivatecategory" time="36.672" classname="executionEngine.CategoryTest"/>
  <testcase name="searchAndDeletecategory" time="20.625" classname="executionEngine.CategoryTest"/>
</testsuite> <!-- Edit -->
