<?xml version="1.0" encoding="UTF-8"?>
<!-- Generated by org.testng.reporters.JUnitXMLReporter -->
<testsuite hostname="angler108" name="Edit" tests="1" failures="0" timestamp="12 Oct 2017 06:18:19 GMT" time="28.431" errors="0">
  <testcase name="@AfterMethod getResult" time="0.0" classname="executionEngine.DelegatesTest">
    <failure type="java.lang.NullPointerException">
      <![CDATA[java.lang.NullPointerException
	at executionEngine.DelegatesTest.getResult(DelegatesTest.java:151)
... Removed 26 stack frames]]>
    </failure>
  </testcase> <!-- @AfterMethod getResult -->
  <testcase name="@AfterClass execute_Logout" time="0.0" classname="executionEngine.DelegatesTest">
    <skipped/>
  </testcase> <!-- @AfterClass execute_Logout -->
  <testcase name="@AfterTest teardown" time="0.0" classname="executionEngine.AboutEvent">
    <skipped/>
  </testcase> <!-- @AfterTest teardown -->
  <testcase name="@AfterTest teardown" time="0.0" classname="executionEngine.AboutEvent">
    <skipped/>
  </testcase> <!-- @AfterTest teardown -->
  <testcase name="adddelegates" time="21.217" classname="executionEngine.DelegatesTest"/>
</testsuite> <!-- Edit -->
