<?xml version="1.0" encoding="UTF-8"?>
<testng-results skipped="0" failed="0" total="1" passed="1">
  <reporter-output>
  </reporter-output>
  <suite name="Default suite" duration-ms="26767" started-at="2017-09-26T05:20:18Z" finished-at="2017-09-26T05:20:45Z">
    <groups>
    </groups>
    <test name="Default test" duration-ms="26767" started-at="2017-09-26T05:20:18Z" finished-at="2017-09-26T05:20:45Z">
      <class name="executionEngine.CategoryTest">
        <test-method status="PASS" signature="startReport()[pri:0, instance:executionEngine.CategoryTest@42d80b78]" name="startReport" is-config="true" duration-ms="242" started-at="2017-09-26T10:50:18Z" finished-at="2017-09-26T10:50:18Z">
          <reporter-output>
          </reporter-output>
        </test-method> <!-- startReport -->
        <test-method status="PASS" signature="OpenBrowse()[pri:0, instance:executionEngine.CategoryTest@42d80b78]" name="OpenBrowse" is-config="true" duration-ms="7004" started-at="2017-09-26T10:50:18Z" finished-at="2017-09-26T10:50:25Z">
          <reporter-output>
          </reporter-output>
        </test-method> <!-- OpenBrowse -->
        <test-method status="PASS" signature="editandectivatecategory()[pri:0, instance:executionEngine.CategoryTest@42d80b78]" name="editandectivatecategory" duration-ms="18910" started-at="2017-09-26T10:50:25Z" finished-at="2017-09-26T10:50:44Z">
          <reporter-output>
          </reporter-output>
        </test-method> <!-- editandectivatecategory -->
        <test-method status="PASS" signature="getResult(org.testng.ITestResult)[pri:0, instance:executionEngine.CategoryTest@42d80b78]" name="getResult" is-config="true" duration-ms="39" started-at="2017-09-26T10:50:44Z" finished-at="2017-09-26T10:50:44Z">
          <params>
            <param index="0">
              <value>
                <![CDATA[[TestResult name=editandectivatecategory status=SUCCESS method=CategoryTest.editandectivatecategory()[pri:0, instance:executionEngine.CategoryTest@42d80b78] output={null}]]]>
              </value>
            </param>
          </params>
          <reporter-output>
          </reporter-output>
        </test-method> <!-- getResult -->
        <test-method status="PASS" signature="afterClass()[pri:0, instance:executionEngine.CategoryTest@42d80b78]" name="afterClass" is-config="true" duration-ms="31" started-at="2017-09-26T10:50:44Z" finished-at="2017-09-26T10:50:44Z">
          <reporter-output>
          </reporter-output>
        </test-method> <!-- afterClass -->
        <test-method status="PASS" signature="teardown()[pri:0, instance:executionEngine.CategoryTest@42d80b78]" name="teardown" is-config="true" duration-ms="527" started-at="2017-09-26T10:50:44Z" finished-at="2017-09-26T10:50:45Z">
          <reporter-output>
          </reporter-output>
        </test-method> <!-- teardown -->
      </class> <!-- executionEngine.CategoryTest -->
    </test> <!-- Default test -->
  </suite> <!-- Default suite -->
</testng-results>
