<?xml version="1.0" encoding="UTF-8"?>
<testng-results skipped="0" failed="0" total="3" passed="3">
  <reporter-output>
  </reporter-output>
  <suite name="Show time" duration-ms="100747" started-at="2017-09-26T09:17:40Z" finished-at="2017-09-26T09:19:20Z">
    <groups>
    </groups>
    <test name="Edit" duration-ms="100747" started-at="2017-09-26T09:17:40Z" finished-at="2017-09-26T09:19:20Z">
      <class name="executionEngine.CategoryTest">
        <test-method status="PASS" signature="OpenBrowse()[pri:0, instance:executionEngine.CategoryTest@685cb137]" name="OpenBrowse" is-config="true" duration-ms="6915" started-at="2017-09-26T14:47:40Z" finished-at="2017-09-26T14:47:47Z">
          <reporter-output>
          </reporter-output>
        </test-method> <!-- OpenBrowse -->
        <test-method status="PASS" signature="startReport()[pri:0, instance:executionEngine.CategoryTest@685cb137]" name="startReport" is-config="true" duration-ms="101" started-at="2017-09-26T14:47:47Z" depends-on-methods="executionEngine.FirefoxTest.OpenBrowse" finished-at="2017-09-26T14:47:47Z">
          <reporter-output>
          </reporter-output>
        </test-method> <!-- startReport -->
        <test-method status="PASS" signature="addcategory(java.lang.String, java.lang.String)[pri:1, instance:executionEngine.CategoryTest@685cb137]" name="addcategory" duration-ms="35980" started-at="2017-09-26T14:47:47Z" finished-at="2017-09-26T14:48:23Z">
          <params>
            <param index="0">
              <value>
                <![CDATA[eoty2017@showtimemobileapp.com]]>
              </value>
            </param>
            <param index="1">
              <value>
                <![CDATA[eoty2017]]>
              </value>
            </param>
          </params>
          <reporter-output>
          </reporter-output>
        </test-method> <!-- addcategory -->
        <test-method status="PASS" signature="getResult(org.testng.ITestResult)[pri:0, instance:executionEngine.CategoryTest@685cb137]" name="getResult" is-config="true" duration-ms="10" started-at="2017-09-26T14:48:23Z" finished-at="2017-09-26T14:48:23Z">
          <params>
            <param index="0">
              <value>
                <![CDATA[[TestResult name=addcategory status=SUCCESS method=CategoryTest.addcategory(java.lang.String, java.lang.String)[pri:1, instance:executionEngine.CategoryTest@685cb137] output={null}]]]>
              </value>
            </param>
          </params>
          <reporter-output>
          </reporter-output>
        </test-method> <!-- getResult -->
        <test-method status="PASS" signature="editandectivatecategory(java.lang.String, java.lang.String)[pri:2, instance:executionEngine.CategoryTest@685cb137]" name="editandectivatecategory" duration-ms="36672" started-at="2017-09-26T14:48:23Z" finished-at="2017-09-26T14:48:59Z">
          <params>
            <param index="0">
              <value>
                <![CDATA[eoty2017@showtimemobileapp.com]]>
              </value>
            </param>
            <param index="1">
              <value>
                <![CDATA[eoty2017]]>
              </value>
            </param>
          </params>
          <reporter-output>
          </reporter-output>
        </test-method> <!-- editandectivatecategory -->
        <test-method status="PASS" signature="getResult(org.testng.ITestResult)[pri:0, instance:executionEngine.CategoryTest@685cb137]" name="getResult" is-config="true" duration-ms="1" started-at="2017-09-26T14:48:59Z" finished-at="2017-09-26T14:48:59Z">
          <params>
            <param index="0">
              <value>
                <![CDATA[[TestResult name=editandectivatecategory status=SUCCESS method=CategoryTest.editandectivatecategory(java.lang.String, java.lang.String)[pri:2, instance:executionEngine.CategoryTest@685cb137] output={null}]]]>
              </value>
            </param>
          </params>
          <reporter-output>
          </reporter-output>
        </test-method> <!-- getResult -->
        <test-method status="PASS" signature="searchAndDeletecategory(java.lang.String, java.lang.String)[pri:3, instance:executionEngine.CategoryTest@685cb137]" name="searchAndDeletecategory" duration-ms="20625" started-at="2017-09-26T14:48:59Z" finished-at="2017-09-26T14:49:20Z">
          <params>
            <param index="0">
              <value>
                <![CDATA[eoty2017@showtimemobileapp.com]]>
              </value>
            </param>
            <param index="1">
              <value>
                <![CDATA[eoty2017]]>
              </value>
            </param>
          </params>
          <reporter-output>
          </reporter-output>
        </test-method> <!-- searchAndDeletecategory -->
        <test-method status="PASS" signature="getResult(org.testng.ITestResult)[pri:0, instance:executionEngine.CategoryTest@685cb137]" name="getResult" is-config="true" duration-ms="0" started-at="2017-09-26T14:49:20Z" finished-at="2017-09-26T14:49:20Z">
          <params>
            <param index="0">
              <value>
                <![CDATA[[TestResult name=searchAndDeletecategory status=SUCCESS method=CategoryTest.searchAndDeletecategory(java.lang.String, java.lang.String)[pri:3, instance:executionEngine.CategoryTest@685cb137] output={null}]]]>
              </value>
            </param>
          </params>
          <reporter-output>
          </reporter-output>
        </test-method> <!-- getResult -->
        <test-method status="PASS" signature="afterClass()[pri:0, instance:executionEngine.CategoryTest@685cb137]" name="afterClass" is-config="true" duration-ms="0" started-at="2017-09-26T14:49:20Z" finished-at="2017-09-26T14:49:20Z">
          <reporter-output>
          </reporter-output>
        </test-method> <!-- afterClass -->
        <test-method status="PASS" signature="teardown()[pri:0, instance:executionEngine.CategoryTest@685cb137]" name="teardown" is-config="true" duration-ms="423" started-at="2017-09-26T14:49:20Z" finished-at="2017-09-26T14:49:20Z">
          <reporter-output>
          </reporter-output>
        </test-method> <!-- teardown -->
      </class> <!-- executionEngine.CategoryTest -->
    </test> <!-- Edit -->
  </suite> <!-- Show time -->
</testng-results>
