<?xml version="1.0" encoding="UTF-8"?>
<testng-results skipped="1" failed="0" total="1" passed="0">
  <reporter-output>
  </reporter-output>
  <suite name="Default suite" duration-ms="37" started-at="2017-09-25T08:58:35Z" finished-at="2017-09-25T08:58:35Z">
    <groups>
    </groups>
    <test name="Default test" duration-ms="37" started-at="2017-09-25T08:58:35Z" finished-at="2017-09-25T08:58:35Z">
      <class name="executionEngine.CategoryTest">
        <test-method status="FAIL" signature="addcategory()[pri:0, instance:executionEngine.CategoryTest@3bfdc050]" name="addcategory" is-config="true" duration-ms="0" started-at="2017-09-25T14:28:35Z" finished-at="2017-09-25T14:28:35Z">
          <exception class="java.lang.NullPointerException">
            <full-stacktrace>
              <![CDATA[java.lang.NullPointerException
	at utility.Utilis.capture(Utilis.java:37)
	at appModules.LoginAction.execute_Login(LoginAction.java:18)
	at executionEngine.CategoryTest.addcategory(CategoryTest.java:47)
	at sun.reflect.NativeMethodAccessorImpl.invoke0(Native Method)
	at sun.reflect.NativeMethodAccessorImpl.invoke(Unknown Source)
	at sun.reflect.DelegatingMethodAccessorImpl.invoke(Unknown Source)
	at java.lang.reflect.Method.invoke(Unknown Source)
	at org.testng.internal.MethodInvocationHelper.invokeMethod(MethodInvocationHelper.java:85)
	at org.testng.internal.Invoker.invokeConfigurationMethod(Invoker.java:510)
	at org.testng.internal.Invoker.invokeConfigurations(Invoker.java:211)
	at org.testng.internal.Invoker.invokeConfigurations(Invoker.java:138)
	at org.testng.TestRunner.beforeRun(TestRunner.java:648)
	at org.testng.TestRunner.run(TestRunner.java:616)
	at org.testng.SuiteRunner.runTest(SuiteRunner.java:359)
	at org.testng.SuiteRunner.runSequentially(SuiteRunner.java:354)
	at org.testng.SuiteRunner.privateRun(SuiteRunner.java:312)
	at org.testng.SuiteRunner.run(SuiteRunner.java:261)
	at org.testng.SuiteRunnerWorker.runSuite(SuiteRunnerWorker.java:52)
	at org.testng.SuiteRunnerWorker.run(SuiteRunnerWorker.java:86)
	at org.testng.TestNG.runSuitesSequentially(TestNG.java:1215)
	at org.testng.TestNG.runSuitesLocally(TestNG.java:1140)
	at org.testng.TestNG.run(TestNG.java:1048)
	at org.testng.remote.AbstractRemoteTestNG.run(AbstractRemoteTestNG.java:132)
	at org.testng.remote.RemoteTestNG.initAndRun(RemoteTestNG.java:230)
	at org.testng.remote.RemoteTestNG.main(RemoteTestNG.java:76)
]]>
            </full-stacktrace>
          </exception> <!-- java.lang.NullPointerException -->
          <reporter-output>
          </reporter-output>
        </test-method> <!-- addcategory -->
        <test-method status="SKIP" signature="OpenBrowse()[pri:0, instance:executionEngine.CategoryTest@3bfdc050]" name="OpenBrowse" is-config="true" duration-ms="0" started-at="2017-09-25T14:28:35Z" finished-at="2017-09-25T14:28:35Z">
          <reporter-output>
          </reporter-output>
        </test-method> <!-- OpenBrowse -->
        <test-method status="SKIP" signature="addcategory()[pri:0, instance:executionEngine.CategoryTest@3bfdc050]" name="addcategory" duration-ms="1" started-at="2017-09-25T14:28:35Z" finished-at="2017-09-25T14:28:35Z">
          <reporter-output>
          </reporter-output>
        </test-method> <!-- addcategory -->
      </class> <!-- executionEngine.CategoryTest -->
    </test> <!-- Default test -->
  </suite> <!-- Default suite -->
</testng-results>
