<?xml version="1.0" encoding="UTF-8"?>
<testng-results skipped="0" failed="0" total="1" passed="1">
  <reporter-output>
  </reporter-output>
  <suite name="Show time" duration-ms="38968" started-at="2017-10-10T06:19:03Z" finished-at="2017-10-10T06:19:42Z">
    <groups>
    </groups>
    <test name="Edit" duration-ms="38968" started-at="2017-10-10T06:19:03Z" finished-at="2017-10-10T06:19:42Z">
      <class name="executionEngine.AboutEvent">
        <test-method status="PASS" signature="OpenBrowse()[pri:0, instance:executionEngine.AboutEvent@685cb137]" name="OpenBrowse" is-config="true" duration-ms="7044" started-at="2017-10-10T11:49:03Z" finished-at="2017-10-10T11:49:10Z">
          <reporter-output>
          </reporter-output>
        </test-method> <!-- OpenBrowse -->
        <test-method status="PASS" signature="startReport()[pri:0, instance:executionEngine.AboutEvent@685cb137]" name="startReport" is-config="true" duration-ms="99" started-at="2017-10-10T11:49:10Z" depends-on-methods="executionEngine.FirefoxTest.OpenBrowse" finished-at="2017-10-10T11:49:10Z">
          <reporter-output>
          </reporter-output>
        </test-method> <!-- startReport -->
        <test-method status="PASS" signature="AboutEventEdit(java.lang.String, java.lang.String)[pri:0, instance:executionEngine.AboutEvent@685cb137]" name="AboutEventEdit" duration-ms="31488" started-at="2017-10-10T11:49:10Z" finished-at="2017-10-10T11:49:42Z">
          <params>
            <param index="0">
              <value>
                <![CDATA[eoty2017@showtimemobileapp.com]]>
              </value>
            </param>
            <param index="1">
              <value>
                <![CDATA[eoty2017]]>
              </value>
            </param>
          </params>
          <reporter-output>
          </reporter-output>
        </test-method> <!-- AboutEventEdit -->
        <test-method status="PASS" signature="getResult(org.testng.ITestResult)[pri:0, instance:executionEngine.AboutEvent@685cb137]" name="getResult" is-config="true" duration-ms="50" started-at="2017-10-10T11:49:42Z" finished-at="2017-10-10T11:49:42Z">
          <params>
            <param index="0">
              <value>
                <![CDATA[[TestResult name=AboutEventEdit status=SUCCESS method=AboutEvent.AboutEventEdit(java.lang.String, java.lang.String)[pri:0, instance:executionEngine.AboutEvent@685cb137] output={null}]]]>
              </value>
            </param>
          </params>
          <reporter-output>
          </reporter-output>
        </test-method> <!-- getResult -->
        <test-method status="PASS" signature="afterClass()[pri:0, instance:executionEngine.AboutEvent@685cb137]" name="afterClass" is-config="true" duration-ms="0" started-at="2017-10-10T11:49:42Z" finished-at="2017-10-10T11:49:42Z">
          <reporter-output>
          </reporter-output>
        </test-method> <!-- afterClass -->
        <test-method status="PASS" signature="teardown()[pri:0, instance:executionEngine.AboutEvent@685cb137]" name="teardown" is-config="true" duration-ms="278" started-at="2017-10-10T11:49:42Z" finished-at="2017-10-10T11:49:42Z">
          <reporter-output>
          </reporter-output>
        </test-method> <!-- teardown -->
      </class> <!-- executionEngine.AboutEvent -->
    </test> <!-- Edit -->
  </suite> <!-- Show time -->
</testng-results>
