<?xml version="1.0" encoding="UTF-8"?>
<testng-results skipped="0" failed="0" ignored="0" total="1" passed="1">
  <reporter-output>
  </reporter-output>
  <suite name="Show time" duration-ms="19847" started-at="2017-10-21T07:06:34Z" finished-at="2017-10-21T07:06:54Z">
    <groups>
    </groups>
    <test name="Edit" duration-ms="19847" started-at="2017-10-21T07:06:34Z" finished-at="2017-10-21T07:06:54Z">
      <class name="executionEngine.Sponsortypeexec">
        <test-method status="PASS" signature="OpenBrowse(java.lang.String, java.lang.String)[pri:0, instance:executionEngine.Sponsortypeexec@146ba0ac]" name="OpenBrowse" is-config="true" duration-ms="4669" started-at="2017-10-21T12:36:30Z" finished-at="2017-10-21T12:36:34Z">
          <params>
            <param index="0">
              <value>
                <![CDATA[eoty2017@showtimemobileapp.com]]>
              </value>
            </param>
            <param index="1">
              <value>
                <![CDATA[eoty2017]]>
              </value>
            </param>
          </params>
          <reporter-output>
          </reporter-output>
        </test-method> <!-- OpenBrowse -->
        <test-method status="PASS" signature="execute_Login(java.lang.String, java.lang.String)[pri:0, instance:executionEngine.Sponsortypeexec@146ba0ac]" name="execute_Login" is-config="true" duration-ms="3074" started-at="2017-10-21T12:36:34Z" finished-at="2017-10-21T12:36:37Z">
          <params>
            <param index="0">
              <value>
                <![CDATA[eoty2017@showtimemobileapp.com]]>
              </value>
            </param>
            <param index="1">
              <value>
                <![CDATA[eoty2017]]>
              </value>
            </param>
          </params>
          <reporter-output>
          </reporter-output>
        </test-method> <!-- execute_Login -->
        <test-method status="PASS" signature="Sponsortypeevent()[pri:0, instance:executionEngine.Sponsortypeexec@146ba0ac]" name="Sponsortypeevent" duration-ms="15211" started-at="2017-10-21T12:36:37Z" finished-at="2017-10-21T12:36:53Z">
          <reporter-output>
          </reporter-output>
        </test-method> <!-- Sponsortypeevent -->
        <test-method status="PASS" signature="execute_Logout()[pri:0, instance:executionEngine.Sponsortypeexec@146ba0ac]" name="execute_Logout" is-config="true" duration-ms="1541" started-at="2017-10-21T12:36:53Z" finished-at="2017-10-21T12:36:54Z">
          <reporter-output>
          </reporter-output>
        </test-method> <!-- execute_Logout -->
      </class> <!-- executionEngine.Sponsortypeexec -->
    </test> <!-- Edit -->
  </suite> <!-- Show time -->
</testng-results>
